<?xml version="1.0" encoding="UTF-8"?>
<testng-results ignored="0" total="1" passed="1" failed="0" skipped="0">
  <reporter-output>
  </reporter-output>
  <suite started-at="2024-05-05T11:43:00 IST" name="Default suite" finished-at="2024-05-05T11:43:05 IST" duration-ms="5835">
    <groups>
    </groups>
    <test started-at="2024-05-05T11:43:00 IST" name="Default test" finished-at="2024-05-05T11:43:05 IST" duration-ms="5835">
      <class name="tests.HerokuTests">
        <test-method is-config="true" signature="setUp()[pri:0, instance:tests.HerokuTests@576d5deb]" started-at="2024-05-05T11:43:00 IST" name="setUp" finished-at="2024-05-05T11:43:04 IST" duration-ms="4559" status="PASS">
          <reporter-output>
          </reporter-output>
        </test-method> <!-- setUp -->
        <test-method signature="herokuTableInsert()[pri:0, instance:tests.HerokuTests@576d5deb]" started-at="2024-05-05T11:43:04 IST" name="herokuTableInsert" finished-at="2024-05-05T11:43:05 IST" duration-ms="1252" status="PASS">
          <reporter-output>
          </reporter-output>
        </test-method> <!-- herokuTableInsert -->
      </class> <!-- tests.HerokuTests -->
    </test> <!-- Default test -->
  </suite> <!-- Default suite -->
</testng-results>
